<?xml version="1.0" encoding="UTF-8"?>
<!-- Generated by org.testng.reporters.JUnitXMLReporter -->
<testsuite ignored="0" hostname="TechCirle2sMini" failures="0" tests="4" name="Default test" time="0.932" errors="0" timestamp="2023-11-27T21:10:16 EST">
  <testcase classname="TestNG_Day2.ParamWithDataProvider" name="printDataProvider" time="0.1"/>
  <testcase classname="TestNG_Day2.ParamWithDataProvider" name="printDataProvider" time="0.022"/>
  <testcase classname="TestNG_Day2.ParamWithDataProvider" name="printDataProvider" time="0.018"/>
  <testcase classname="TestNG_Day2.ParamWithDataProvider" name="printDataProvider" time="0.012"/>
</testsuite> <!-- Default test -->
