<?xml version="1.0" encoding="UTF-8"?>
<!-- Generated by org.testng.reporters.JUnitXMLReporter -->
<testsuite ignored="4" hostname="TechCirle2sMini" failures="1" tests="2" name="Regression" time="0.04" errors="0" timestamp="2023-11-27T19:19:38 EST">
  <testcase classname="TestNG_Day1.ignoringTests" name="assertTesting" time="0.017">
    <failure type="java.lang.AssertionError" message="expected:&amp;lt;Gautam&amp;gt; but was:&amp;lt;Gothem&amp;gt;">
      <![CDATA[java.lang.AssertionError: expected:<Gautam> but was:<Gothem>
at TestNG_Day1.ignoringTests.assertTesting(ignoringTests.java:21)
at java.base/java.util.ArrayList.forEach(ArrayList.java:1541)
... Removed 29 stack frames]]>
    </failure>
  </testcase> <!-- assertTesting -->
  <testcase classname="TestNG_Day1.BasicAnnotations" name="test2" time="0.006"/>
  <testcase classname="TestNG_Day1.ignoringTests" name="testPrintMessage" time="0.0">
    <ignored/>
  </testcase> <!-- testPrintMessage -->
  <testcase classname="TestNG_Day1.BasicAnnotations" name="test" time="0.0">
    <ignored/>
  </testcase> <!-- test -->
  <testcase classname="TestNG_Day1.BasicAnnotations" name="test1" time="0.0">
    <ignored/>
  </testcase> <!-- test1 -->
  <testcase classname="TestNG_Day1.AnotherExampleOfTheTest" name="test4" time="0.0">
    <ignored/>
  </testcase> <!-- test4 -->
</testsuite> <!-- Regression -->
