<?xml version="1.0" encoding="UTF-8"?>
<!-- Generated by org.testng.reporters.JUnitXMLReporter -->
<testsuite ignored="3" hostname="TechCirle2sMini" failures="0" tests="3" name="SmokeTest" time="0.218" errors="0" timestamp="2023-11-27T19:19:37 EST">
  <testcase classname="TestNG_Day1.ignoringTests" name="testPrintMessage" time="0.019"/>
  <testcase classname="TestNG_Day1.BasicAnnotations" name="test1" time="0.005"/>
  <testcase classname="TestNG_Day1.AnotherExampleOfTheTest" name="test4" time="0.001"/>
  <testcase classname="TestNG_Day1.BasicAnnotations" name="test2" time="0.0">
    <ignored/>
  </testcase> <!-- test2 -->
  <testcase classname="TestNG_Day1.BasicAnnotations" name="test" time="0.0">
    <ignored/>
  </testcase> <!-- test -->
  <testcase classname="TestNG_Day1.ignoringTests" name="assertTesting" time="0.0">
    <ignored/>
  </testcase> <!-- assertTesting -->
</testsuite> <!-- SmokeTest -->
